Array
(
    [0] => mc_gross=1.50
    [1] => protection_eligibility=Eligible
    [2] => address_status=confirmed
    [3] => payer_id=2GBPUCDKXWBNW
    [4] => tax=0.00
    [5] => address_street=8001+Elderson+Ln.
    [6] => payment_date=08%3A22%3A49+May+06%2C+2016+PDT
    [7] => payment_status=Completed
    [8] => charset=windows-1252
    [9] => address_zip=27612
    [10] => first_name=Christopher
    [11] => mc_fee=0.34
    [12] => address_country_code=US
    [13] => address_name=Christopher+M+Hutcherson
    [14] => notify_version=3.8
    [15] => custom=Chris%7Cchrikit%40gmail.com%7CDoing+another+test+donation%21++I+hope+this+works%21
    [16] => payer_status=verified
    [17] => business=account%40halfemptyetank.com
    [18] => address_country=United+States
    [19] => address_city=Raleigh
    [20] => quantity=0
    [21] => verify_sign=Aqzic1MxOoMuPXNYYqEsorg47s1bAT6GBvqFhdRBC.uNoyelipnRNAVM
    [22] => payer_email=chrikit%40gmail.com
    [23] => txn_id=3P496522R3889032R
    [24] => payment_type=instant
    [25] => last_name=M+Hutcherson
    [26] => address_state=NC
    [27] => receiver_email=account%40halfemptyetank.com
    [28] => payment_fee=0.34
    [29] => receiver_id=FGBDERT56YE8A
    [30] => txn_type=web_accept
    [31] => item_name=World+Wildlife+Fund+donation+via+Sonic+Spring+Fling
    [32] => mc_currency=USD
    [33] => item_number=
    [34] => residence_country=US
    [35] => transaction_subject=Chris%7Cchrikit%40gmail.com%7CDoing+another+test+donation%21++I+hope+this+works%21
    [36] => payment_gross=1.50
    [37] => ipn_track_id=b13a124c66f57
)

Array
(
    [0] => mc_gross=1.00
    [1] => protection_eligibility=Eligible
    [2] => address_status=confirmed
    [3] => payer_id=2GBPUCDKXWBNW
    [4] => tax=0.00
    [5] => address_street=8001+Elderson+Ln.
    [6] => payment_date=08%3A48%3A50+May+06%2C+2016+PDT
    [7] => payment_status=Completed
    [8] => charset=windows-1252
    [9] => address_zip=27612
    [10] => first_name=Christopher
    [11] => mc_fee=0.33
    [12] => address_country_code=US
    [13] => address_name=Christopher+M+Hutcherson
    [14] => notify_version=3.8
    [15] => custom=Hutch%7Cchrikit%40gmail.com%7CPlease+to+God+let+this+work%21
    [16] => payer_status=verified
    [17] => business=account%40halfemptyetank.com
    [18] => address_country=United+States
    [19] => address_city=Raleigh
    [20] => quantity=0
    [21] => verify_sign=A.pPkPb115HPGgleuUrehHrwIVOSA3ugXNiVhF0vhAYfBZij5-ytzLmB
    [22] => payer_email=chrikit%40gmail.com
    [23] => txn_id=7LA17852F9408024R
    [24] => payment_type=instant
    [25] => last_name=M+Hutcherson
    [26] => address_state=NC
    [27] => receiver_email=account%40halfemptyetank.com
    [28] => payment_fee=0.33
    [29] => receiver_id=FGBDERT56YE8A
    [30] => txn_type=web_accept
    [31] => item_name=World+Wildlife+Fund+donation+via+Sonic+Spring+Fling
    [32] => mc_currency=USD
    [33] => item_number=
    [34] => residence_country=US
    [35] => transaction_subject=Hutch%7Cchrikit%40gmail.com%7CPlease+to+God+let+this+work%21
    [36] => payment_gross=1.00
    [37] => ipn_track_id=fb443131de030
)

